\BOOKMARK [1][-]{section.1}{Introduzione}{}% 1
\BOOKMARK [2][-]{subsection.1.1}{Scopo del documento}{section.1}% 2
\BOOKMARK [2][-]{subsection.1.2}{Scopo del prodotto}{section.1}% 3
\BOOKMARK [2][-]{subsection.1.3}{Glossario}{section.1}% 4
\BOOKMARK [1][-]{section.2}{Descrizione generale}{}% 5
\BOOKMARK [2][-]{subsection.2.1}{Prospettive del prodotto}{section.2}% 6
\BOOKMARK [2][-]{subsection.2.2}{Funzioni del prodotto}{section.2}% 7
\BOOKMARK [2][-]{subsection.2.3}{Caratteristiche degli utenti}{section.2}% 8
\BOOKMARK [2][-]{subsection.2.4}{Vincoli generali}{section.2}% 9
\BOOKMARK [1][-]{section.3}{Casi d'uso}{}% 10
\BOOKMARK [2][-]{subsection.3.1}{Attori}{section.3}% 11
\BOOKMARK [3][-]{subsubsection.3.1.1}{Utente}{subsection.3.1}% 12
\BOOKMARK [4][-]{paragraph.3.1.1.1}{Utente non autenticato}{subsubsection.3.1.1}% 13
\BOOKMARK [4][-]{paragraph.3.1.1.2}{Utente autenticato}{subsubsection.3.1.1}% 14
\BOOKMARK [2][-]{subsection.3.2}{Elenco casi d'uso}{section.3}% 15
\BOOKMARK [3][-]{subsubsection.3.2.1}{UC1 - Registrazione}{subsection.3.2}% 16
\BOOKMARK [3][-]{subsubsection.3.2.2}{UC1.1 - Inserimento nome utente}{subsection.3.2}% 17
\BOOKMARK [3][-]{subsubsection.3.2.3}{UC1.2 - Inserimento cognome utente}{subsection.3.2}% 18
\BOOKMARK [3][-]{subsubsection.3.2.4}{UC1.3 - Inserimento email}{subsection.3.2}% 19
\BOOKMARK [3][-]{subsubsection.3.2.5}{UC1.4 - Inserimento password}{subsection.3.2}% 20
\BOOKMARK [3][-]{subsubsection.3.2.6}{UC1.5 - Conferma registrazione}{subsection.3.2}% 21
\BOOKMARK [3][-]{subsubsection.3.2.7}{UC1.6 - Visualizzazione errore di registrazione}{subsection.3.2}% 22
\BOOKMARK [3][-]{subsubsection.3.2.8}{UC2 - Login}{subsection.3.2}% 23
\BOOKMARK [3][-]{subsubsection.3.2.9}{UC2.1 - Inserimento email utente}{subsection.3.2}% 24
\BOOKMARK [3][-]{subsubsection.3.2.10}{UC2.2 - Inserimento password}{subsection.3.2}% 25
\BOOKMARK [3][-]{subsubsection.3.2.11}{UC2.3 - Conferma login}{subsection.3.2}% 26
\BOOKMARK [3][-]{subsubsection.3.2.12}{UC2.4 - Visualizzazione errore login}{subsection.3.2}% 27
\BOOKMARK [3][-]{subsubsection.3.2.13}{UC3 - Logout}{subsection.3.2}% 28
\BOOKMARK [3][-]{subsubsection.3.2.14}{UC4 - Visualizzazione elenco attivit\340}{subsection.3.2}% 29
\BOOKMARK [3][-]{subsubsection.3.2.15}{UC4.1 - Visualizzazione elemento dell'elenco attivit\340}{subsection.3.2}% 30
\BOOKMARK [3][-]{subsubsection.3.2.16}{UC4.1.1 - Visualizzazione nome del proponente dell\220attivit\340 }{subsection.3.2}% 31
\BOOKMARK [3][-]{subsubsection.3.2.17}{UC4.1.2 - Visualizzazione cognome del proponente dell\220attivit\340 }{subsection.3.2}% 32
\BOOKMARK [3][-]{subsubsection.3.2.18}{UC4.1.3 - Visualizzazione data dell\220attivit\340 }{subsection.3.2}% 33
\BOOKMARK [3][-]{subsubsection.3.2.19}{UC4.1.4 - Visualizzazione tipologia dell\220attivit\340 }{subsection.3.2}% 34
\BOOKMARK [3][-]{subsubsection.3.2.20}{UC5 - Visualizzazione dettaglio di un'attivit\340}{subsection.3.2}% 35
\BOOKMARK [3][-]{subsubsection.3.2.21}{UC5.1 - Visualizzazione nome del proponente dell\220attivit\340 }{subsection.3.2}% 36
\BOOKMARK [3][-]{subsubsection.3.2.22}{UC5.2 - Visualizzazione cognome del proponente dell\220attivit\340 }{subsection.3.2}% 37
\BOOKMARK [3][-]{subsubsection.3.2.23}{UC5.3 - Visualizzazione data dell\220attivit\340 }{subsection.3.2}% 38
\BOOKMARK [3][-]{subsubsection.3.2.24}{UC5.4- Visualizzazione tipologia dell\220attivit\340 }{subsection.3.2}% 39
\BOOKMARK [3][-]{subsubsection.3.2.25}{UC5.5 - Visualizzazione ora dell\220attivit\340 }{subsection.3.2}% 40
\BOOKMARK [3][-]{subsubsection.3.2.26}{UC5.6 - Visualizzazione foto dell\220attivit\340 }{subsection.3.2}% 41
\BOOKMARK [3][-]{subsubsection.3.2.27}{UC5.7 - Visualizzazione lunghezza dell\220attivit\340 }{subsection.3.2}% 42
\BOOKMARK [3][-]{subsubsection.3.2.28}{UC5.8 - Visualizzazione titolo dell\220attivit\340 }{subsection.3.2}% 43
\BOOKMARK [3][-]{subsubsection.3.2.29}{UC5.9 - Visualizzazione descrizione dell\220attivit\340 }{subsection.3.2}% 44
\BOOKMARK [3][-]{subsubsection.3.2.30}{UC5.10 - Visualizzazione numero partecipanti dell\220attivit\340 }{subsection.3.2}% 45
\BOOKMARK [3][-]{subsubsection.3.2.31}{UC5.11 - Visualizzazione luogo dell\220attivit\340 }{subsection.3.2}% 46
\BOOKMARK [3][-]{subsubsection.3.2.32}{UC5.12 - Visualizzazione tappe dell\220attivit\340 }{subsection.3.2}% 47
\BOOKMARK [3][-]{subsubsection.3.2.33}{UC6 - Visualizzazione elenco dello storico delle attivit\340}{subsection.3.2}% 48
\BOOKMARK [3][-]{subsubsection.3.2.34}{UC7 - Inserimento di un'attivit\340}{subsection.3.2}% 49
\BOOKMARK [3][-]{subsubsection.3.2.35}{UC7.1 - Inserimento data dell\220attivit\340 }{subsection.3.2}% 50
\BOOKMARK [3][-]{subsubsection.3.2.36}{UC7.2 - Inserimento tipologia dell\220attivit\340}{subsection.3.2}% 51
\BOOKMARK [3][-]{subsubsection.3.2.37}{UC7.3 - Inserimento ora dell\220attivit\340 }{subsection.3.2}% 52
\BOOKMARK [3][-]{subsubsection.3.2.38}{UC7.4 - Inserimento lunghezza dell\220attivit\340}{subsection.3.2}% 53
\BOOKMARK [3][-]{subsubsection.3.2.39}{UC7.5 - Inserimento titolo dell\220attivit\340 }{subsection.3.2}% 54
\BOOKMARK [3][-]{subsubsection.3.2.40}{UC7.6 - Inserimento descrizione dell\220attivit\340 }{subsection.3.2}% 55
\BOOKMARK [3][-]{subsubsection.3.2.41}{UC7.7 - Inserimento numero partecipanti all\220attivit\340}{subsection.3.2}% 56
\BOOKMARK [3][-]{subsubsection.3.2.42}{UC7.8 - Inserimento luogo dell\220attivit\340 }{subsection.3.2}% 57
\BOOKMARK [3][-]{subsubsection.3.2.43}{UC7.9 - Inserimento tappe dell\220attivit\340}{subsection.3.2}% 58
\BOOKMARK [3][-]{subsubsection.3.2.44}{UC7.10 - Conferma Inserimento dell'attivit\340}{subsection.3.2}% 59
\BOOKMARK [3][-]{subsubsection.3.2.45}{UC7.11 - Visualizzazione errore di inserimento di un'attivit\340}{subsection.3.2}% 60
\BOOKMARK [3][-]{subsubsection.3.2.46}{UC8 - Modifica di un'attivit\340}{subsection.3.2}% 61
\BOOKMARK [3][-]{subsubsection.3.2.47}{UC9 - Eliminazione di un'attivit\340}{subsection.3.2}% 62
\BOOKMARK [1][-]{section.4}{Requisiti}{}% 63
\BOOKMARK [2][-]{subsection.4.1}{Requisiti funzionali}{section.4}% 64
\BOOKMARK [2][-]{subsection.4.2}{Requisiti qualitativi}{section.4}% 65
\BOOKMARK [2][-]{subsection.4.3}{Requisiti di vincolo}{section.4}% 66
